Vivado Simulator 2017.4
Copyright 1986-1999, 2001-2016 Xilinx, Inc. All Rights Reserved.
Running: /opt/Xilinx/Vivado/2017.4/bin/unwrapped/lnx64.o/xelab -wto 270739e14b954b149cbef7fc2f89e29b --incr --debug typical --relax --mt 8 -L blk_mem_gen_v8_4_1 -L xil_defaultlib -L unisims_ver -L unimacro_ver -L secureip -L xpm --snapshot sim_decode_behav xil_defaultlib.sim_decode xil_defaultlib.glbl -log elaborate.log 
Using 8 slave threads.
Starting static elaboration
WARNING: [VRFC 10-278] actual bit length 32 differs from formal bit length 1 for port ce [/home/ggjiji/Project/Accelator/Accelator.srcs/sources_1/new/pooler.v:38]
WARNING: [VRFC 10-278] actual bit length 32 differs from formal bit length 8 for port delay [/home/ggjiji/Project/Accelator/Accelator.srcs/sources_1/new/pooler.v:72]
WARNING: [VRFC 10-1783] select index 30 into current_contents is out of bounds [/wrk/2017.4/nightly/2017_12_15_2086221/packages/customer/vivado/data/ip/xilinx/blk_mem_gen_v8_4/simulation/blk_mem_gen_v8_4.v:2419]
WARNING: [VRFC 10-1783] select index 62 into current_contents is out of bounds [/wrk/2017.4/nightly/2017_12_15_2086221/packages/customer/vivado/data/ip/xilinx/blk_mem_gen_v8_4/simulation/blk_mem_gen_v8_4.v:2420]
Completed static elaboration
Starting simulation data flow analysis
Completed simulation data flow analysis
Time Resolution for simulation is 1ps
Compiling module xil_defaultlib.decode
Compiling module blk_mem_gen_v8_4_1.blk_mem_gen_v8_4_1_output_stage(...
Compiling module blk_mem_gen_v8_4_1.blk_mem_gen_v8_4_1_output_stage(...
Compiling module blk_mem_gen_v8_4_1.blk_mem_gen_v8_4_1_softecc_outpu...
Compiling module blk_mem_gen_v8_4_1.blk_mem_gen_v8_4_1_mem_module(C_...
Compiling module blk_mem_gen_v8_4_1.blk_mem_gen_v8_4_1(C_FAMILY="kin...
Compiling module xil_defaultlib.parameter_sram
Compiling module xil_defaultlib.controller
Compiling module blk_mem_gen_v8_4_1.blk_mem_gen_v8_4_1_output_stage(...
Compiling module blk_mem_gen_v8_4_1.blk_mem_gen_v8_4_1_output_stage(...
Compiling module blk_mem_gen_v8_4_1.blk_mem_gen_v8_4_1_softecc_outpu...
Compiling module blk_mem_gen_v8_4_1.blk_mem_gen_v8_4_1_mem_module(C_...
Compiling module blk_mem_gen_v8_4_1.blk_mem_gen_v8_4_1(C_FAMILY="kin...
Compiling module xil_defaultlib.blk_mem_kernel_gen
Compiling module xil_defaultlib.shift_reg_kernel
Compiling module blk_mem_gen_v8_4_1.blk_mem_gen_v8_4_1_mem_module(C_...
Compiling module blk_mem_gen_v8_4_1.blk_mem_gen_v8_4_1(C_FAMILY="kin...
Compiling module xil_defaultlib.blk_mem_act_gen
Compiling module xil_defaultlib.shift_reg_act
Compiling module xil_defaultlib.pe_unit
Compiling module xil_defaultlib.pe_array
Compiling module xil_defaultlib.save_unit
Compiling module blk_mem_gen_v8_4_1.blk_mem_gen_v8_4_1_mem_module(C_...
Compiling module blk_mem_gen_v8_4_1.blk_mem_gen_v8_4_1(C_FAMILY="kin...
Compiling module xil_defaultlib.blk_mem_output_gen
Compiling module xil_defaultlib.MAX_output_sram
Compiling module xil_defaultlib.control_logic2
Compiling module xil_defaultlib.comparator2
Compiling module xil_defaultlib.max_reg
Compiling module xil_defaultlib.shifter_row
Compiling module xil_defaultlib.input_mux
Compiling module xil_defaultlib.pooler
Compiling module xil_defaultlib.pooler_controller
Compiling module xil_defaultlib.decode_sram
Compiling module xil_defaultlib.sim_decode
Compiling module xil_defaultlib.glbl
Built simulation snapshot sim_decode_behav
