#
# An unexpected error has occurred (11)
#
Stack:
/opt/Xilinx/Vivado/2017.4/tps/lnx64/jre/lib/amd64/server/libjvm.so(+0x923da9) [0x7f9983032da9]
/opt/Xilinx/Vivado/2017.4/tps/lnx64/jre/lib/amd64/server/libjvm.so(JVM_handle_linux_signal+0xb6) [0x7f99830393f6]
/opt/Xilinx/Vivado/2017.4/tps/lnx64/jre/lib/amd64/server/libjvm.so(+0x9209d3) [0x7f998302f9d3]
/lib/x86_64-linux-gnu/libc.so.6(+0x354b0) [0x7f99c0c1a4b0]
/opt/Xilinx/Vivado/2017.4/lib/lnx64.o/librdi_wavedata.so(SimBridge::ArrayDataObj::~ArrayDataObj()+0x34) [0x7f998e70d9d4]
/opt/Xilinx/Vivado/2017.4/lib/lnx64.o/librdi_wavedata.so(SimBridge::ArrayDataObj::~ArrayDataObj()+0x9) [0x7f998e70da89]
/opt/Xilinx/Vivado/2017.4/lib/lnx64.o/librdi_wavedata.so(SimBridge::BlockObj::~BlockObj()+0x53) [0x7f998e70bc93]
/opt/Xilinx/Vivado/2017.4/lib/lnx64.o/librdi_wavedata.so(SimBridge::BlockObj::~BlockObj()+0xad) [0x7f998e70bced]
/opt/Xilinx/Vivado/2017.4/lib/lnx64.o/librdi_wavedata.so(SimBridge::BlockObj::~BlockObj()+0xad) [0x7f998e70bced]
/opt/Xilinx/Vivado/2017.4/lib/lnx64.o/librdi_wavedata.so(SimBridge::BlockObj::~BlockObj()+0xad) [0x7f998e70bced]
/opt/Xilinx/Vivado/2017.4/lib/lnx64.o/librdi_wavedata.so(SimBridge::BlockObj::~BlockObj()+0x9) [0x7f998e70bdf9]
/opt/Xilinx/Vivado/2017.4/lib/lnx64.o/librdi_wavedata.so(SimBridge::DataObjMgr::~DataObjMgr()+0x24) [0x7f998e719214]
/opt/Xilinx/Vivado/2017.4/lib/lnx64.o/librdi_wavedata.so(SimBridge::DataReader::~DataReader()+0x264) [0x7f998e726a94]
/opt/Xilinx/Vivado/2017.4/lib/lnx64.o/librdi_wavedata.so(+0x22339a) [0x7f998e76a39a]
/opt/Xilinx/Vivado/2017.4/lib/lnx64.o/librdi_wavedata.so(SimBridge::LiveSimClient::~LiveSimClient()+0x9) [0x7f998e769319]
/opt/Xilinx/Vivado/2017.4/lib/lnx64.o/librdi_simdata.so(RSDData::RSDLiveSimulationObject::closeLiveSimClient()+0x6d) [0x7f99924d6efd]
/opt/Xilinx/Vivado/2017.4/lib/lnx64.o/librdi_simdata.so(RSDData::RSDLiveSimulationObject::convertToStatic()+0xe1) [0x7f99924d71a1]
/opt/Xilinx/Vivado/2017.4/lib/lnx64.o/librdi_simtcltasks.so(+0x1f8bf4) [0x7f9956512bf4]
/opt/Xilinx/Vivado/2017.4/lib/lnx64.o/librdi_common.so(+0x747f82) [0x7f99c1e97f82]
/opt/Xilinx/Vivado/2017.4/lib/lnx64.o/libtcl8.5.so(+0x334af) [0x7f99bc7814af]
/opt/Xilinx/Vivado/2017.4/lib/lnx64.o/libtcl8.5.so(+0x76875) [0x7f99bc7c4875]
/opt/Xilinx/Vivado/2017.4/lib/lnx64.o/libtcl8.5.so(+0x7e029) [0x7f99bc7cc029]
/opt/Xilinx/Vivado/2017.4/lib/lnx64.o/libtcl8.5.so(TclEvalObjEx+0x76) [0x7f99bc783156]
/opt/Xilinx/Vivado/2017.4/lib/lnx64.o/librdi_common.so(hdi::tcltasks::task_manager::eval_in_tcl(Tcl_Interp*, Tcl_Obj*, char const*, bool)+0xab9) [0x7f99c1e99cf9]
/opt/Xilinx/Vivado/2017.4/lib/lnx64.o/librdi_common.so(hdi::tcltasks::task_manager::eval_in_tcl(Tcl_Interp*, char const*, char const*, bool)+0x12a) [0x7f99c1e9a6da]
/opt/Xilinx/Vivado/2017.4/lib/lnx64.o/librdi_common.so(hdi::tcltasks::task_manager::eval_in_tcl_throw(Tcl_Interp*, char const*, char const*, bool)+0x10) [0x7f99c1e9a800]
/opt/Xilinx/Vivado/2017.4/lib/lnx64.o/librdi_simtcltasks.so(+0x1d8118) [0x7f99564f2118]
/opt/Xilinx/Vivado/2017.4/lib/lnx64.o/librdi_common.so(+0x747f82) [0x7f99c1e97f82]
/opt/Xilinx/Vivado/2017.4/lib/lnx64.o/libtcl8.5.so(+0x334af) [0x7f99bc7814af]
/opt/Xilinx/Vivado/2017.4/lib/lnx64.o/libtcl8.5.so(+0x76875) [0x7f99bc7c4875]
/opt/Xilinx/Vivado/2017.4/lib/lnx64.o/libtcl8.5.so(+0x7e029) [0x7f99bc7cc029]
/opt/Xilinx/Vivado/2017.4/lib/lnx64.o/libtcl8.5.so(TclEvalObjEx+0x76) [0x7f99bc783156]
/opt/Xilinx/Vivado/2017.4/lib/lnx64.o/librdi_common.so(+0x746491) [0x7f99c1e96491]
/opt/Xilinx/Vivado/2017.4/lib/lnx64.o/libtcl8.5.so(Tcl_ServiceEvent+0x7f) [0x7f99bc7f5b0f]
/opt/Xilinx/Vivado/2017.4/lib/lnx64.o/libtcl8.5.so(Tcl_DoOneEvent+0x154) [0x7f99bc7f5e44]
/opt/Xilinx/Vivado/2017.4/lib/lnx64.o/librdi_commontasks.so(+0x1f9215) [0x7f99b761e215]
/opt/Xilinx/Vivado/2017.4/lib/lnx64.o/librdi_commontasks.so(+0x2011a3) [0x7f99b76261a3]
/opt/Xilinx/Vivado/2017.4/lib/lnx64.o/librdi_commontasks.so(+0x20223e) [0x7f99b762723e]
/opt/Xilinx/Vivado/2017.4/lib/lnx64.o/librdi_common.so(+0x747f82) [0x7f99c1e97f82]
/opt/Xilinx/Vivado/2017.4/lib/lnx64.o/libtcl8.5.so(+0x334af) [0x7f99bc7814af]
/opt/Xilinx/Vivado/2017.4/lib/lnx64.o/libtcl8.5.so(+0x76875) [0x7f99bc7c4875]
/opt/Xilinx/Vivado/2017.4/lib/lnx64.o/libtcl8.5.so(+0x7e029) [0x7f99bc7cc029]
/opt/Xilinx/Vivado/2017.4/lib/lnx64.o/libtcl8.5.so(TclEvalObjEx+0x76) [0x7f99bc783156]
/opt/Xilinx/Vivado/2017.4/lib/lnx64.o/librdi_commonmain.so(+0x7414) [0x7f99c154c414]
/opt/Xilinx/Vivado/2017.4/lib/lnx64.o/libtcl8.5.so(Tcl_Main+0x1d0) [0x7f99bc7ee210]
/opt/Xilinx/Vivado/2017.4/lib/lnx64.o/librdi_common.so(+0x78ad0b) [0x7f99c1edad0b]
/lib/x86_64-linux-gnu/libpthread.so.0(+0x76ba) [0x7f99c09cf6ba]
/lib/x86_64-linux-gnu/libc.so.6(clone+0x6d) [0x7f99c0cec41d]
