#
# An unexpected error has occurred (11)
#
Stack:
/opt/Xilinx/Vivado/2017.4/tps/lnx64/jre/lib/amd64/server/libjvm.so(+0x923da9) [0x7f6360088da9]
/opt/Xilinx/Vivado/2017.4/tps/lnx64/jre/lib/amd64/server/libjvm.so(JVM_handle_linux_signal+0xb6) [0x7f636008f3f6]
/opt/Xilinx/Vivado/2017.4/tps/lnx64/jre/lib/amd64/server/libjvm.so(+0x9209d3) [0x7f63600859d3]
/lib/x86_64-linux-gnu/libc.so.6(+0x354b0) [0x7f639dc704b0]
/opt/Xilinx/Vivado/2017.4/lib/lnx64.o/libtcmalloc.so.4(tcmalloc::ThreadCache::ReleaseToCentralCache(tcmalloc::ThreadCache::FreeList*, unsigned long, int)+0xc3) [0x7f639f86d943]
/opt/Xilinx/Vivado/2017.4/lib/lnx64.o/libtcmalloc.so.4(tcmalloc::ThreadCache::Scavenge()+0x40) [0x7f639f86dd80]
/opt/Xilinx/Vivado/2017.4/lib/lnx64.o/libtcmalloc.so.4(tc_cfree+0x3b6) [0x7f639f87e406]
/opt/Xilinx/Vivado/2017.4/lib/lnx64.o/librdi_wavedata.so(SimBridge::ArrayDataObj::~ArrayDataObj()+0x43) [0x7f636b7639e3]
/opt/Xilinx/Vivado/2017.4/lib/lnx64.o/librdi_wavedata.so(SimBridge::ArrayDataObj::~ArrayDataObj()+0x9) [0x7f636b763a89]
/opt/Xilinx/Vivado/2017.4/lib/lnx64.o/librdi_wavedata.so(SimBridge::BlockObj::~BlockObj()+0x53) [0x7f636b761c93]
/opt/Xilinx/Vivado/2017.4/lib/lnx64.o/librdi_wavedata.so(SimBridge::BlockObj::~BlockObj()+0xad) [0x7f636b761ced]
/opt/Xilinx/Vivado/2017.4/lib/lnx64.o/librdi_wavedata.so(SimBridge::BlockObj::~BlockObj()+0xad) [0x7f636b761ced]
/opt/Xilinx/Vivado/2017.4/lib/lnx64.o/librdi_wavedata.so(SimBridge::BlockObj::~BlockObj()+0xad) [0x7f636b761ced]
/opt/Xilinx/Vivado/2017.4/lib/lnx64.o/librdi_wavedata.so(SimBridge::BlockObj::~BlockObj()+0x9) [0x7f636b761df9]
/opt/Xilinx/Vivado/2017.4/lib/lnx64.o/librdi_wavedata.so(SimBridge::DataObjMgr::~DataObjMgr()+0x24) [0x7f636b76f214]
/opt/Xilinx/Vivado/2017.4/lib/lnx64.o/librdi_wavedata.so(SimBridge::DataReader::~DataReader()+0x264) [0x7f636b77ca94]
/opt/Xilinx/Vivado/2017.4/lib/lnx64.o/librdi_wavedata.so(+0x22339a) [0x7f636b7c039a]
/opt/Xilinx/Vivado/2017.4/lib/lnx64.o/librdi_wavedata.so(SimBridge::LiveSimClient::~LiveSimClient()+0x9) [0x7f636b7bf319]
/opt/Xilinx/Vivado/2017.4/lib/lnx64.o/librdi_simdata.so(RSDData::RSDLiveSimulationObject::closeLiveSimClient()+0x6d) [0x7f636f52cefd]
/opt/Xilinx/Vivado/2017.4/lib/lnx64.o/librdi_simdata.so(RSDData::RSDLiveSimulationObject::convertToStatic()+0xe1) [0x7f636f52d1a1]
/opt/Xilinx/Vivado/2017.4/lib/lnx64.o/librdi_simtcltasks.so(+0x1f8bf4) [0x7f63354a5bf4]
/opt/Xilinx/Vivado/2017.4/lib/lnx64.o/librdi_common.so(+0x747f82) [0x7f639eeedf82]
/opt/Xilinx/Vivado/2017.4/lib/lnx64.o/libtcl8.5.so(+0x334af) [0x7f63997d74af]
/opt/Xilinx/Vivado/2017.4/lib/lnx64.o/libtcl8.5.so(+0x76875) [0x7f639981a875]
/opt/Xilinx/Vivado/2017.4/lib/lnx64.o/libtcl8.5.so(+0x7e029) [0x7f6399822029]
/opt/Xilinx/Vivado/2017.4/lib/lnx64.o/libtcl8.5.so(TclEvalObjEx+0x76) [0x7f63997d9156]
/opt/Xilinx/Vivado/2017.4/lib/lnx64.o/librdi_common.so(hdi::tcltasks::task_manager::eval_in_tcl(Tcl_Interp*, Tcl_Obj*, char const*, bool)+0xab9) [0x7f639eeefcf9]
/opt/Xilinx/Vivado/2017.4/lib/lnx64.o/librdi_common.so(hdi::tcltasks::task_manager::eval_in_tcl(Tcl_Interp*, char const*, char const*, bool)+0x12a) [0x7f639eef06da]
/opt/Xilinx/Vivado/2017.4/lib/lnx64.o/librdi_common.so(hdi::tcltasks::task_manager::eval_in_tcl_throw(Tcl_Interp*, char const*, char const*, bool)+0x10) [0x7f639eef0800]
/opt/Xilinx/Vivado/2017.4/lib/lnx64.o/librdi_simtcltasks.so(+0x1d8118) [0x7f6335485118]
/opt/Xilinx/Vivado/2017.4/lib/lnx64.o/librdi_common.so(+0x747f82) [0x7f639eeedf82]
/opt/Xilinx/Vivado/2017.4/lib/lnx64.o/libtcl8.5.so(+0x334af) [0x7f63997d74af]
/opt/Xilinx/Vivado/2017.4/lib/lnx64.o/libtcl8.5.so(+0x76875) [0x7f639981a875]
/opt/Xilinx/Vivado/2017.4/lib/lnx64.o/libtcl8.5.so(+0x7e029) [0x7f6399822029]
/opt/Xilinx/Vivado/2017.4/lib/lnx64.o/libtcl8.5.so(TclEvalObjEx+0x76) [0x7f63997d9156]
/opt/Xilinx/Vivado/2017.4/lib/lnx64.o/librdi_common.so(+0x746491) [0x7f639eeec491]
/opt/Xilinx/Vivado/2017.4/lib/lnx64.o/libtcl8.5.so(Tcl_ServiceEvent+0x7f) [0x7f639984bb0f]
/opt/Xilinx/Vivado/2017.4/lib/lnx64.o/libtcl8.5.so(Tcl_DoOneEvent+0x154) [0x7f639984be44]
/opt/Xilinx/Vivado/2017.4/lib/lnx64.o/librdi_commontasks.so(+0x1f9215) [0x7f6394674215]
/opt/Xilinx/Vivado/2017.4/lib/lnx64.o/librdi_commontasks.so(+0x2011a3) [0x7f639467c1a3]
/opt/Xilinx/Vivado/2017.4/lib/lnx64.o/librdi_commontasks.so(+0x20223e) [0x7f639467d23e]
/opt/Xilinx/Vivado/2017.4/lib/lnx64.o/librdi_common.so(+0x747f82) [0x7f639eeedf82]
/opt/Xilinx/Vivado/2017.4/lib/lnx64.o/libtcl8.5.so(+0x334af) [0x7f63997d74af]
/opt/Xilinx/Vivado/2017.4/lib/lnx64.o/libtcl8.5.so(+0x76875) [0x7f639981a875]
/opt/Xilinx/Vivado/2017.4/lib/lnx64.o/libtcl8.5.so(+0x7e029) [0x7f6399822029]
/opt/Xilinx/Vivado/2017.4/lib/lnx64.o/libtcl8.5.so(TclEvalObjEx+0x76) [0x7f63997d9156]
/opt/Xilinx/Vivado/2017.4/lib/lnx64.o/librdi_commonmain.so(+0x7414) [0x7f639e5a2414]
/opt/Xilinx/Vivado/2017.4/lib/lnx64.o/libtcl8.5.so(Tcl_Main+0x1d0) [0x7f6399844210]
/opt/Xilinx/Vivado/2017.4/lib/lnx64.o/librdi_common.so(+0x78ad0b) [0x7f639ef30d0b]
/lib/x86_64-linux-gnu/libpthread.so.0(+0x76ba) [0x7f639da256ba]
/lib/x86_64-linux-gnu/libc.so.6(clone+0x6d) [0x7f639dd4241d]
